============================================================
Operating system: Windows 10(version: 10.0.19043) ('64bit', 'WindowsPE')
Python interpreter: CPython 3.11.4
Wednesday August 23, 2023, 14:20:22



============================================================
Operating system: Windows 10(version: 10.0.19043) ('64bit', 'WindowsPE')
Python interpreter: CPython 3.11.4
Wednesday August 23, 2023, 14:36:40



============================================================
Operating system: Windows 10(version: 10.0.19043) ('64bit', 'WindowsPE')
Python interpreter: CPython 3.11.4
Wednesday August 23, 2023, 14:39:16



============================================================
Operating system: Windows 10(version: 10.0.19043) ('64bit', 'WindowsPE')
Python interpreter: CPython 3.11.4
Wednesday August 23, 2023, 18:27:36



============================================================
Operating system: Windows 10(version: 10.0.19043) ('64bit', 'WindowsPE')
Python interpreter: CPython 3.11.4
Wednesday August 23, 2023, 19:48:35



============================================================
Operating system: Windows 10(version: 10.0.19043) ('64bit', 'WindowsPE')
Python interpreter: CPython 3.11.4
Wednesday August 23, 2023, 19:49:52



============================================================
Operating system: Windows 10(version: 10.0.19043) ('64bit', 'WindowsPE')
Python interpreter: CPython 3.11.4
Wednesday August 23, 2023, 20:17:03



============================================================
Operating system: Windows 10(version: 10.0.19043) ('64bit', 'WindowsPE')
Python interpreter: CPython 3.11.4
Wednesday August 23, 2023, 20:18:27



============================================================
Operating system: Windows 10(version: 10.0.19043) ('64bit', 'WindowsPE')
Python interpreter: CPython 3.11.4
Wednesday August 23, 2023, 20:36:21



============================================================
Operating system: Windows 10(version: 10.0.19043) ('64bit', 'WindowsPE')
Python interpreter: CPython 3.11.4
Thursday August 24, 2023, 19:03:13



============================================================
Operating system: Windows 10(version: 10.0.19043) ('64bit', 'WindowsPE')
Python interpreter: CPython 3.11.4
Thursday August 24, 2023, 19:05:58



============================================================
Operating system: Windows 10(version: 10.0.19043) ('64bit', 'WindowsPE')
Python interpreter: CPython 3.11.4
Thursday August 24, 2023, 19:07:25



============================================================
Operating system: Windows 10(version: 10.0.19043) ('64bit', 'WindowsPE')
Python interpreter: CPython 3.11.4
Thursday August 24, 2023, 19:08:47



============================================================
Operating system: Windows 10(version: 10.0.19043) ('64bit', 'WindowsPE')
Python interpreter: CPython 3.11.4
Thursday August 24, 2023, 19:12:52



============================================================
Operating system: Windows 10(version: 10.0.19043) ('64bit', 'WindowsPE')
Python interpreter: CPython 3.11.4
Thursday August 24, 2023, 19:20:35



============================================================
Operating system: Windows 10(version: 10.0.19043) ('64bit', 'WindowsPE')
Python interpreter: CPython 3.11.4
Thursday August 24, 2023, 19:45:56



============================================================
Operating system: Windows 10(version: 10.0.19043) ('64bit', 'WindowsPE')
Python interpreter: CPython 3.11.4
Thursday August 24, 2023, 19:49:41



============================================================
Operating system: Windows 10(version: 10.0.19043) ('64bit', 'WindowsPE')
Python interpreter: CPython 3.11.4
Thursday August 24, 2023, 20:08:18



============================================================
Operating system: Windows 10(version: 10.0.19043) ('64bit', 'WindowsPE')
Python interpreter: CPython 3.11.4
Thursday August 24, 2023, 20:46:20



============================================================
Operating system: Windows 10(version: 10.0.19043) ('64bit', 'WindowsPE')
Python interpreter: CPython 3.11.4
Thursday August 24, 2023, 20:49:22



============================================================
Operating system: Windows 10(version: 10.0.19043) ('64bit', 'WindowsPE')
Python interpreter: CPython 3.11.4
Thursday August 24, 2023, 20:50:23



============================================================
Operating system: Windows 10(version: 10.0.19043) ('64bit', 'WindowsPE')
Python interpreter: CPython 3.11.4
Thursday August 24, 2023, 20:52:35



============================================================
Operating system: Windows 10(version: 10.0.19043) ('64bit', 'WindowsPE')
Python interpreter: CPython 3.11.4
Thursday August 24, 2023, 21:58:32



============================================================
Operating system: Windows 10(version: 10.0.19043) ('64bit', 'WindowsPE')
Python interpreter: CPython 3.11.4
Friday August 25, 2023, 13:46:22



============================================================
Operating system: Windows 10(version: 10.0.19043) ('64bit', 'WindowsPE')
Python interpreter: CPython 3.11.4
Friday August 25, 2023, 13:47:26



============================================================
Operating system: Windows 10(version: 10.0.19043) ('64bit', 'WindowsPE')
Python interpreter: CPython 3.11.4
Friday August 25, 2023, 13:54:10



============================================================
Operating system: Windows 10(version: 10.0.19043) ('64bit', 'WindowsPE')
Python interpreter: CPython 3.11.4
Friday August 25, 2023, 20:11:28



============================================================
Operating system: Windows 10(version: 10.0.19043) ('64bit', 'WindowsPE')
Python interpreter: CPython 3.11.4
Friday August 25, 2023, 20:14:46



============================================================
Operating system: Windows 10(version: 10.0.19043) ('64bit', 'WindowsPE')
Python interpreter: CPython 3.11.4
Friday August 25, 2023, 20:15:35



============================================================
Operating system: Windows 10(version: 10.0.19043) ('64bit', 'WindowsPE')
Python interpreter: CPython 3.11.4
Friday August 25, 2023, 20:22:47



============================================================
Operating system: Windows 10(version: 10.0.19043) ('64bit', 'WindowsPE')
Python interpreter: CPython 3.11.4
Friday August 25, 2023, 20:34:04



